2024-07-25 01:08:11:811 [32minfo[39m: [32mAttempting to create customer: rkmahto3184@gmail.com[39m
2024-07-25 01:08:11:811 [32minfo[39m: [32mAttempting to lock slot: 2024-07-26 9:45-10:30 AM[39m
2024-07-25 01:08:11:811 [32minfo[39m: [32mSlot locked successfully:2024-07-26 9:45-10:30 AM[39m
2024-07-25 01:08:14:814 [32minfo[39m: [32mPayPal order created for customer: rkmahto3184@gmail.com, orderId: 5F72795409186781Y[39m
2024-07-25 01:17:31:1731 [32minfo[39m: [32mAttempting to create customer: rkmahto151@gmail.com[39m
2024-07-25 01:17:31:1731 [32minfo[39m: [32mAttempting to lock slot: 2024-07-27 9:45-10:30 AM[39m
2024-07-25 01:17:31:1731 [32minfo[39m: [32mSlot locked successfully:2024-07-27 9:45-10:30 AM[39m
2024-07-25 01:17:35:1735 [32minfo[39m: [32mPayPal order created for customer: rkmahto151@gmail.com, orderId: 47L96996JB8965607[39m
2024-07-25 01:33:10:3310 [32minfo[39m: [32mAttempting to create customer: rkmahto3184@gmail.com[39m
2024-07-25 01:33:10:3310 [32minfo[39m: [32mAttempting to lock slot: 2024-07-28 11:15-12:00 PM[39m
2024-07-25 01:33:10:3310 [32minfo[39m: [32mSlot locked successfully:2024-07-28 11:15-12:00 PM[39m
2024-07-25 01:33:13:3313 [32minfo[39m: [32mPayPal order created for customer: rkmahto3184@gmail.com, orderId: 1MC12493N86924334[39m
2024-07-25 01:49:35:4935 [32minfo[39m: [32mAttempting to create customer: rkmahto151@gmail.com[39m
2024-07-25 01:49:35:4935 [32minfo[39m: [32mAttempting to lock slot: 2024-07-29 11:15-12:00 PM[39m
2024-07-25 01:49:35:4935 [32minfo[39m: [32mSlot locked successfully:2024-07-29 11:15-12:00 PM[39m
2024-07-25 01:49:37:4937 [32minfo[39m: [32mPayPal order created for customer: rkmahto151@gmail.com, orderId: 6PK67815YK7116013[39m
2024-07-25 01:54:42:5442 [32minfo[39m: [32mAttempting to create customer: rkmahto151@gmail.com[39m
2024-07-25 01:54:42:5442 [32minfo[39m: [32mAttempting to lock slot: 2024-07-30 11:15-12:00 PM[39m
2024-07-25 01:54:42:5442 [32minfo[39m: [32mSlot locked successfully:2024-07-30 11:15-12:00 PM[39m
2024-07-25 01:54:44:5444 [32minfo[39m: [32mPayPal order created for customer: rkmahto151@gmail.com, orderId: 8P207778X9669713Y[39m
2024-07-25 02:14:51:1451 [32minfo[39m: [32mAttempting to create customer: rkmahto3184@gmail.com[39m
2024-07-25 02:14:51:1451 [32minfo[39m: [32mAttempting to lock slot: 2024-07-31 11:15-12:00 PM[39m
2024-07-25 02:14:51:1451 [32minfo[39m: [32mSlot locked successfully:2024-07-31 11:15-12:00 PM[39m
2024-07-25 02:14:53:1453 [32minfo[39m: [32mPayPal order created for customer: rkmahto3184@gmail.com, orderId: 9L774776RB195022H[39m
2024-07-25 02:20:06:206 [32minfo[39m: [32mAttempting to create customer: rkmahto3184@gmail.com[39m
2024-07-25 02:20:06:206 [32minfo[39m: [32mAttempting to lock slot: 2024-08-02 2:15-3:00 PM[39m
2024-07-25 02:20:06:206 [32minfo[39m: [32mSlot locked successfully:2024-08-02 2:15-3:00 PM[39m
2024-07-25 02:20:09:209 [32minfo[39m: [32mPayPal order created for customer: rkmahto3184@gmail.com, orderId: 03A09086G9388935M[39m
2024-07-25 02:57:01:571 [32minfo[39m: [32mAttempting to create customer: rkmahto3184@gmail.com[39m
2024-07-25 02:57:01:571 [32minfo[39m: [32mAttempting to lock slot: 2024-08-03 11:15-12:00 PM[39m
2024-07-25 02:57:01:571 [32minfo[39m: [32mSlot locked successfully:2024-08-03 11:15-12:00 PM[39m
2024-07-25 02:57:05:575 [32minfo[39m: [32mPayPal order created for customer: rkmahto3184@gmail.com, orderId: 6HA49214JJ528452V[39m
2024-07-25 11:00:50:050 [32minfo[39m: [32mAttempting to create customer: rkmahto151@gmail.com[39m
2024-07-25 11:00:50:050 [32minfo[39m: [32mAttempting to lock slot: 2024-08-04 9:45-10:30 AM[39m
2024-07-25 11:00:50:050 [32minfo[39m: [32mSlot locked successfully:2024-08-04 9:45-10:30 AM[39m
2024-07-25 11:00:53:053 [32minfo[39m: [32mPayPal order created for customer: rkmahto151@gmail.com, orderId: 0KH535929M5671629[39m
2024-07-25 11:03:37:337 [32minfo[39m: [32mAttempting to create customer: rkmahto151@gmail.com[39m
2024-07-25 11:03:38:338 [32minfo[39m: [32mAttempting to lock slot: 2024-08-05 11:15-12:00 PM[39m
2024-07-25 11:03:38:338 [32minfo[39m: [32mSlot locked successfully:2024-08-05 11:15-12:00 PM[39m
2024-07-25 11:03:40:340 [32minfo[39m: [32mPayPal order created for customer: rkmahto151@gmail.com, orderId: 11551124V4146112X[39m
2024-07-25 11:06:34:634 [32minfo[39m: [32mAttempting to unlock slot: undefined undefined[39m
2024-07-25 11:06:34:634 [33mwarn[39m: [33mNo locked slot found to unlock: undefined undefined[39m
2024-07-25 11:06:34:634 [32minfo[39m: [32mBooking cancelled for customer: rkmahto151@gmail.com[39m
2024-07-25 11:08:21:821 [32minfo[39m: [32mAttempting to create customer: rkmahto151@gmail.com[39m
2024-07-25 11:08:21:821 [32minfo[39m: [32mAttempting to lock slot: 2024-07-26 9:00-9:45 AM[39m
2024-07-25 11:08:21:821 [32minfo[39m: [32mSlot locked successfully:2024-07-26 9:00-9:45 AM[39m
2024-07-25 11:08:23:823 [32minfo[39m: [32mPayPal order created for customer: rkmahto151@gmail.com, orderId: 2F650407VF234752G[39m
2024-07-25 11:08:26:826 [32minfo[39m: [32mAttempting to unlock slot: undefined undefined[39m
2024-07-25 11:08:26:826 [33mwarn[39m: [33mNo locked slot found to unlock: undefined undefined[39m
2024-07-25 11:08:26:826 [32minfo[39m: [32mBooking cancelled for customer: rkmahto151@gmail.com[39m
